2024-09-20 19:19:36 [scrapy.utils.log] INFO: Scrapy 2.8.0 started (bot: ufcStats)
2024-09-20 19:19:36 [scrapy.utils.log] INFO: Versions: lxml 4.9.3.0, libxml2 2.10.4, cssselect 1.2.0, parsel 1.8.1, w3lib 2.1.2, Twisted 22.8.0, Python 3.11.7 | packaged by Anaconda, Inc. | (main, Dec 15 2023, 18:05:47) [MSC v.1916 64 bit (AMD64)], pyOpenSSL 24.0.0 (OpenSSL 3.0.14 4 Jun 2024), cryptography 42.0.2, Platform Windows-10-10.0.22631-SP0
2024-09-20 19:19:36 [scrapy.crawler] INFO: Overridden settings:
{'BOT_NAME': 'ufcStats',
 'COOKIES_ENABLED': False,
 'DOWNLOAD_DELAY': 0.5,
 'LOG_FILE': 'log/2024-09-20T19-19-36.log',
 'LOG_LEVEL': 'INFO',
 'NEWSPIDER_MODULE': 'ufcStats.spiders',
 'REQUEST_FINGERPRINTER_IMPLEMENTATION': '2.7',
 'ROBOTSTXT_OBEY': True,
 'SPIDER_MODULES': ['ufcStats.spiders']}
2024-09-20 19:19:36 [scrapy.extensions.telnet] INFO: Telnet Password: eee9a07009b65556
2024-09-20 19:19:36 [scrapy.middleware] INFO: Enabled extensions:
['scrapy.extensions.corestats.CoreStats',
 'scrapy.extensions.telnet.TelnetConsole',
 'scrapy.extensions.logstats.LogStats']
2024-09-20 19:19:36 [scrapy.middleware] INFO: Enabled downloader middlewares:
['scrapy.downloadermiddlewares.robotstxt.RobotsTxtMiddleware',
 'scrapy.downloadermiddlewares.httpauth.HttpAuthMiddleware',
 'scrapy.downloadermiddlewares.downloadtimeout.DownloadTimeoutMiddleware',
 'scrapy.downloadermiddlewares.defaultheaders.DefaultHeadersMiddleware',
 'scrapy.downloadermiddlewares.useragent.UserAgentMiddleware',
 'scrapy.downloadermiddlewares.retry.RetryMiddleware',
 'scrapy.downloadermiddlewares.redirect.MetaRefreshMiddleware',
 'scrapy.downloadermiddlewares.httpcompression.HttpCompressionMiddleware',
 'scrapy.downloadermiddlewares.redirect.RedirectMiddleware',
 'scrapy.downloadermiddlewares.httpproxy.HttpProxyMiddleware',
 'scrapy.downloadermiddlewares.stats.DownloaderStats']
2024-09-20 19:19:36 [scrapy.middleware] INFO: Enabled spider middlewares:
['scrapy.spidermiddlewares.httperror.HttpErrorMiddleware',
 'scrapy.spidermiddlewares.offsite.OffsiteMiddleware',
 'scrapy.spidermiddlewares.referer.RefererMiddleware',
 'scrapy.spidermiddlewares.urllength.UrlLengthMiddleware',
 'scrapy.spidermiddlewares.depth.DepthMiddleware']
2024-09-20 19:19:37 [scrapy.middleware] INFO: Enabled item pipelines:
['ufcStats.pipelines.FightSummaryPipeline',
 'ufcStats.pipelines.FightStatsPipeline']
2024-09-20 19:19:37 [scrapy.core.engine] INFO: Spider opened
2024-09-20 19:19:37 [scrapy.extensions.logstats] INFO: Crawled 0 pages (at 0 pages/min), scraped 0 items (at 0 items/min)
2024-09-20 19:19:37 [scrapy.extensions.telnet] INFO: Telnet console listening on 127.0.0.1:6023
2024-09-20 19:19:38 [py.warnings] WARNING: C:\Users\scoop\anaconda3\Lib\site-packages\scrapy\selector\unified.py:83: UserWarning: Selector got both text and root, root is being ignored.
  super().__init__(text=text, type=st, root=root, **kwargs)

2024-09-20 19:20:37 [scrapy.extensions.logstats] INFO: Crawled 96 pages (at 96 pages/min), scraped 77 items (at 77 items/min)
2024-09-20 19:21:37 [scrapy.extensions.logstats] INFO: Crawled 193 pages (at 97 pages/min), scraped 174 items (at 97 items/min)
2024-09-20 19:22:37 [scrapy.extensions.logstats] INFO: Crawled 291 pages (at 98 pages/min), scraped 254 items (at 80 items/min)
2024-09-20 19:23:37 [scrapy.extensions.logstats] INFO: Crawled 391 pages (at 100 pages/min), scraped 354 items (at 100 items/min)
2024-09-20 19:24:37 [scrapy.extensions.logstats] INFO: Crawled 489 pages (at 98 pages/min), scraped 436 items (at 82 items/min)
2024-09-20 19:25:37 [scrapy.extensions.logstats] INFO: Crawled 587 pages (at 98 pages/min), scraped 517 items (at 81 items/min)
2024-09-20 19:26:37 [scrapy.extensions.logstats] INFO: Crawled 684 pages (at 97 pages/min), scraped 614 items (at 97 items/min)
2024-09-20 19:27:37 [scrapy.extensions.logstats] INFO: Crawled 783 pages (at 99 pages/min), scraped 695 items (at 81 items/min)
2024-09-20 19:28:37 [scrapy.extensions.logstats] INFO: Crawled 879 pages (at 96 pages/min), scraped 775 items (at 80 items/min)
2024-09-20 19:29:37 [scrapy.extensions.logstats] INFO: Crawled 978 pages (at 99 pages/min), scraped 873 items (at 98 items/min)
2024-09-20 19:30:37 [scrapy.extensions.logstats] INFO: Crawled 1075 pages (at 97 pages/min), scraped 954 items (at 81 items/min)
2024-09-20 19:31:37 [scrapy.extensions.logstats] INFO: Crawled 1171 pages (at 96 pages/min), scraped 1050 items (at 96 items/min)
2024-09-20 19:32:37 [scrapy.extensions.logstats] INFO: Crawled 1271 pages (at 100 pages/min), scraped 1133 items (at 83 items/min)
2024-09-20 19:33:37 [scrapy.extensions.logstats] INFO: Crawled 1367 pages (at 96 pages/min), scraped 1229 items (at 96 items/min)
2024-09-20 19:34:37 [scrapy.extensions.logstats] INFO: Crawled 1465 pages (at 98 pages/min), scraped 1310 items (at 81 items/min)
2024-09-20 19:35:37 [scrapy.extensions.logstats] INFO: Crawled 1561 pages (at 96 pages/min), scraped 1405 items (at 95 items/min)
2024-09-20 19:36:37 [scrapy.extensions.logstats] INFO: Crawled 1656 pages (at 95 pages/min), scraped 1484 items (at 79 items/min)
2024-09-20 19:37:37 [scrapy.extensions.logstats] INFO: Crawled 1756 pages (at 100 pages/min), scraped 1584 items (at 100 items/min)
2024-09-20 19:38:37 [scrapy.extensions.logstats] INFO: Crawled 1851 pages (at 95 pages/min), scraped 1662 items (at 78 items/min)
2024-09-20 19:39:37 [scrapy.extensions.logstats] INFO: Crawled 1950 pages (at 99 pages/min), scraped 1761 items (at 99 items/min)
2024-09-20 19:40:37 [scrapy.extensions.logstats] INFO: Crawled 2049 pages (at 99 pages/min), scraped 1843 items (at 82 items/min)
2024-09-20 19:41:37 [scrapy.extensions.logstats] INFO: Crawled 2148 pages (at 99 pages/min), scraped 1942 items (at 99 items/min)
2024-09-20 19:42:37 [scrapy.extensions.logstats] INFO: Crawled 2243 pages (at 95 pages/min), scraped 2019 items (at 77 items/min)
2024-09-20 19:43:37 [scrapy.extensions.logstats] INFO: Crawled 2342 pages (at 99 pages/min), scraped 2119 items (at 100 items/min)
2024-09-20 19:44:37 [scrapy.extensions.logstats] INFO: Crawled 2438 pages (at 96 pages/min), scraped 2198 items (at 79 items/min)
2024-09-20 19:45:37 [scrapy.extensions.logstats] INFO: Crawled 2536 pages (at 98 pages/min), scraped 2296 items (at 98 items/min)
2024-09-20 19:46:37 [scrapy.extensions.logstats] INFO: Crawled 2633 pages (at 97 pages/min), scraped 2376 items (at 80 items/min)
2024-09-20 19:47:37 [scrapy.extensions.logstats] INFO: Crawled 2730 pages (at 97 pages/min), scraped 2473 items (at 97 items/min)
2024-09-20 19:48:37 [scrapy.extensions.logstats] INFO: Crawled 2824 pages (at 94 pages/min), scraped 2550 items (at 77 items/min)
2024-09-20 19:49:37 [scrapy.extensions.logstats] INFO: Crawled 2924 pages (at 100 pages/min), scraped 2650 items (at 100 items/min)
2024-09-20 19:50:37 [scrapy.extensions.logstats] INFO: Crawled 3022 pages (at 98 pages/min), scraped 2736 items (at 86 items/min)
2024-09-20 19:51:37 [scrapy.extensions.logstats] INFO: Crawled 3122 pages (at 100 pages/min), scraped 2831 items (at 95 items/min)
2024-09-20 19:52:37 [scrapy.extensions.logstats] INFO: Crawled 3220 pages (at 98 pages/min), scraped 2924 items (at 93 items/min)
2024-09-20 19:53:37 [scrapy.extensions.logstats] INFO: Crawled 3316 pages (at 96 pages/min), scraped 3007 items (at 83 items/min)
2024-09-20 19:54:37 [scrapy.extensions.logstats] INFO: Crawled 3413 pages (at 97 pages/min), scraped 3104 items (at 97 items/min)
2024-09-20 19:55:37 [scrapy.extensions.logstats] INFO: Crawled 3513 pages (at 100 pages/min), scraped 3188 items (at 84 items/min)
2024-09-20 19:56:37 [scrapy.extensions.logstats] INFO: Crawled 3612 pages (at 99 pages/min), scraped 3287 items (at 99 items/min)
2024-09-20 19:57:37 [scrapy.extensions.logstats] INFO: Crawled 3709 pages (at 97 pages/min), scraped 3367 items (at 80 items/min)
2024-09-20 19:58:37 [scrapy.extensions.logstats] INFO: Crawled 3807 pages (at 98 pages/min), scraped 3464 items (at 97 items/min)
2024-09-20 19:59:37 [scrapy.extensions.logstats] INFO: Crawled 3902 pages (at 95 pages/min), scraped 3543 items (at 79 items/min)
2024-09-20 20:00:37 [scrapy.extensions.logstats] INFO: Crawled 3995 pages (at 93 pages/min), scraped 3636 items (at 93 items/min)
2024-09-20 20:01:37 [scrapy.extensions.logstats] INFO: Crawled 4091 pages (at 96 pages/min), scraped 3715 items (at 79 items/min)
2024-09-20 20:02:37 [scrapy.extensions.logstats] INFO: Crawled 4187 pages (at 96 pages/min), scraped 3811 items (at 96 items/min)
2024-09-20 20:03:37 [scrapy.extensions.logstats] INFO: Crawled 4286 pages (at 99 pages/min), scraped 3898 items (at 87 items/min)
2024-09-20 20:04:37 [scrapy.extensions.logstats] INFO: Crawled 4385 pages (at 99 pages/min), scraped 3992 items (at 94 items/min)
2024-09-20 20:05:37 [scrapy.extensions.logstats] INFO: Crawled 4483 pages (at 98 pages/min), scraped 4090 items (at 98 items/min)
2024-09-20 20:06:37 [scrapy.extensions.logstats] INFO: Crawled 4583 pages (at 100 pages/min), scraped 4172 items (at 82 items/min)
2024-09-20 20:07:37 [scrapy.extensions.logstats] INFO: Crawled 4680 pages (at 97 pages/min), scraped 4270 items (at 98 items/min)
2024-09-20 20:08:37 [scrapy.extensions.logstats] INFO: Crawled 4776 pages (at 96 pages/min), scraped 4349 items (at 79 items/min)
2024-09-20 20:09:37 [scrapy.extensions.logstats] INFO: Crawled 4875 pages (at 99 pages/min), scraped 4448 items (at 99 items/min)
2024-09-20 20:10:37 [scrapy.extensions.logstats] INFO: Crawled 4972 pages (at 97 pages/min), scraped 4528 items (at 80 items/min)
2024-09-20 20:11:37 [scrapy.extensions.logstats] INFO: Crawled 5068 pages (at 96 pages/min), scraped 4624 items (at 96 items/min)
2024-09-20 20:12:37 [scrapy.extensions.logstats] INFO: Crawled 5166 pages (at 98 pages/min), scraped 4704 items (at 80 items/min)
2024-09-20 20:13:37 [scrapy.extensions.logstats] INFO: Crawled 5262 pages (at 96 pages/min), scraped 4800 items (at 96 items/min)
2024-09-20 20:14:37 [scrapy.extensions.logstats] INFO: Crawled 5357 pages (at 95 pages/min), scraped 4896 items (at 96 items/min)
2024-09-20 20:15:37 [scrapy.extensions.logstats] INFO: Crawled 5453 pages (at 96 pages/min), scraped 4975 items (at 79 items/min)
2024-09-20 20:16:37 [scrapy.extensions.logstats] INFO: Crawled 5550 pages (at 97 pages/min), scraped 5072 items (at 97 items/min)
2024-09-20 20:17:37 [scrapy.extensions.logstats] INFO: Crawled 5649 pages (at 99 pages/min), scraped 5154 items (at 82 items/min)
2024-09-20 20:18:37 [scrapy.extensions.logstats] INFO: Crawled 5746 pages (at 97 pages/min), scraped 5251 items (at 97 items/min)
2024-09-20 20:19:37 [scrapy.extensions.logstats] INFO: Crawled 5846 pages (at 100 pages/min), scraped 5334 items (at 83 items/min)
2024-09-20 20:20:37 [scrapy.extensions.logstats] INFO: Crawled 5943 pages (at 97 pages/min), scraped 5431 items (at 97 items/min)
2024-09-20 20:21:37 [scrapy.extensions.logstats] INFO: Crawled 6044 pages (at 101 pages/min), scraped 5528 items (at 97 items/min)
2024-09-20 20:22:37 [scrapy.extensions.logstats] INFO: Crawled 6143 pages (at 99 pages/min), scraped 5614 items (at 86 items/min)
2024-09-20 20:23:37 [scrapy.extensions.logstats] INFO: Crawled 6239 pages (at 96 pages/min), scraped 5710 items (at 96 items/min)
2024-09-20 20:24:37 [scrapy.extensions.logstats] INFO: Crawled 6333 pages (at 94 pages/min), scraped 5787 items (at 77 items/min)
2024-09-20 20:25:37 [scrapy.extensions.logstats] INFO: Crawled 6432 pages (at 99 pages/min), scraped 5886 items (at 99 items/min)
2024-09-20 20:26:37 [scrapy.extensions.logstats] INFO: Crawled 6528 pages (at 96 pages/min), scraped 5965 items (at 79 items/min)
2024-09-20 20:27:37 [scrapy.extensions.logstats] INFO: Crawled 6623 pages (at 95 pages/min), scraped 6060 items (at 95 items/min)
2024-09-20 20:28:37 [scrapy.extensions.logstats] INFO: Crawled 6722 pages (at 99 pages/min), scraped 6142 items (at 82 items/min)
2024-09-20 20:29:37 [scrapy.extensions.logstats] INFO: Crawled 6816 pages (at 94 pages/min), scraped 6236 items (at 94 items/min)
2024-09-20 20:30:37 [scrapy.extensions.logstats] INFO: Crawled 6915 pages (at 99 pages/min), scraped 6318 items (at 82 items/min)
2024-09-20 20:31:37 [scrapy.extensions.logstats] INFO: Crawled 7013 pages (at 98 pages/min), scraped 6416 items (at 98 items/min)
2024-09-20 20:32:37 [scrapy.extensions.logstats] INFO: Crawled 7111 pages (at 98 pages/min), scraped 6503 items (at 87 items/min)
2024-09-20 20:33:37 [scrapy.extensions.logstats] INFO: Crawled 7204 pages (at 93 pages/min), scraped 6590 items (at 87 items/min)
2024-09-20 20:34:37 [scrapy.extensions.logstats] INFO: Crawled 7301 pages (at 97 pages/min), scraped 6686 items (at 96 items/min)
2024-09-20 20:35:37 [scrapy.extensions.logstats] INFO: Crawled 7398 pages (at 97 pages/min), scraped 6767 items (at 81 items/min)
2024-09-20 20:36:37 [scrapy.extensions.logstats] INFO: Crawled 7498 pages (at 100 pages/min), scraped 6866 items (at 99 items/min)
2024-09-20 20:37:37 [scrapy.extensions.logstats] INFO: Crawled 7594 pages (at 96 pages/min), scraped 6946 items (at 80 items/min)
2024-09-20 20:38:37 [scrapy.extensions.logstats] INFO: Crawled 7690 pages (at 96 pages/min), scraped 7042 items (at 96 items/min)
2024-09-20 20:39:37 [scrapy.extensions.logstats] INFO: Crawled 7786 pages (at 96 pages/min), scraped 7130 items (at 88 items/min)
2024-09-20 20:40:37 [scrapy.extensions.logstats] INFO: Crawled 7883 pages (at 97 pages/min), scraped 7218 items (at 88 items/min)
2024-09-20 20:41:37 [scrapy.extensions.logstats] INFO: Crawled 7979 pages (at 96 pages/min), scraped 7314 items (at 96 items/min)
2024-09-20 20:42:37 [scrapy.extensions.logstats] INFO: Crawled 8080 pages (at 101 pages/min), scraped 7398 items (at 84 items/min)
2024-09-20 20:43:37 [scrapy.extensions.logstats] INFO: Crawled 8179 pages (at 99 pages/min), scraped 7496 items (at 98 items/min)
2024-09-20 20:44:37 [scrapy.extensions.logstats] INFO: Crawled 8275 pages (at 96 pages/min), scraped 7575 items (at 79 items/min)
2024-09-20 20:45:37 [scrapy.extensions.logstats] INFO: Crawled 8372 pages (at 97 pages/min), scraped 7673 items (at 98 items/min)
2024-09-20 20:46:37 [scrapy.extensions.logstats] INFO: Crawled 8469 pages (at 97 pages/min), scraped 7763 items (at 90 items/min)
2024-09-20 20:47:19 [scrapy.core.engine] INFO: Closing spider (finished)
2024-09-20 20:47:19 [scrapy.statscollectors] INFO: Dumping Scrapy stats:
{'downloader/request_bytes': 2677734,
 'downloader/request_count': 8542,
 'downloader/request_method_count/GET': 8542,
 'downloader/response_bytes': 41602936,
 'downloader/response_count': 8542,
 'downloader/response_status_count/200': 8541,
 'downloader/response_status_count/404': 1,
 'elapsed_time_seconds': 5262.431919,
 'finish_reason': 'finished',
 'finish_time': datetime.datetime(2024, 9, 21, 2, 47, 19, 502835),
 'httpcompression/response_bytes': 350233551,
 'httpcompression/response_count': 8541,
 'item_scraped_count': 7836,
 'log_count/INFO': 97,
 'log_count/WARNING': 1,
 'request_depth_max': 2,
 'response_received_count': 8542,
 'robotstxt/request_count': 1,
 'robotstxt/response_count': 1,
 'robotstxt/response_status_count/404': 1,
 'scheduler/dequeued': 8541,
 'scheduler/dequeued/memory': 8541,
 'scheduler/enqueued': 8541,
 'scheduler/enqueued/memory': 8541,
 'start_time': datetime.datetime(2024, 9, 21, 1, 19, 37, 70916)}
2024-09-20 20:47:19 [scrapy.core.engine] INFO: Spider closed (finished)
