2024-09-20 18:52:05 [scrapy.utils.log] INFO: Scrapy 2.8.0 started (bot: ufcStats)
2024-09-20 18:52:05 [scrapy.utils.log] INFO: Versions: lxml 4.9.3.0, libxml2 2.10.4, cssselect 1.2.0, parsel 1.8.1, w3lib 2.1.2, Twisted 22.8.0, Python 3.11.7 | packaged by Anaconda, Inc. | (main, Dec 15 2023, 18:05:47) [MSC v.1916 64 bit (AMD64)], pyOpenSSL 24.0.0 (OpenSSL 3.0.14 4 Jun 2024), cryptography 42.0.2, Platform Windows-10-10.0.22631-SP0
2024-09-20 18:52:05 [scrapy.crawler] INFO: Overridden settings:
{'BOT_NAME': 'ufcStats',
 'COOKIES_ENABLED': False,
 'DOWNLOAD_DELAY': 0.5,
 'LOG_FILE': 'log/2024-09-20T18-52-05.log',
 'LOG_LEVEL': 'INFO',
 'NEWSPIDER_MODULE': 'ufcStats.spiders',
 'ROBOTSTXT_OBEY': True,
 'SPIDER_MODULES': ['ufcStats.spiders']}
2024-09-20 18:52:05 [py.warnings] WARNING: C:\Users\scoop\anaconda3\Lib\site-packages\scrapy\utils\request.py:232: ScrapyDeprecationWarning: '2.6' is a deprecated value for the 'REQUEST_FINGERPRINTER_IMPLEMENTATION' setting.

It is also the default value. In other words, it is normal to get this warning if you have not defined a value for the 'REQUEST_FINGERPRINTER_IMPLEMENTATION' setting. This is so for backward compatibility reasons, but it will change in a future version of Scrapy.

See the documentation of the 'REQUEST_FINGERPRINTER_IMPLEMENTATION' setting for information on how to handle this deprecation.
  return cls(crawler)

2024-09-20 18:52:05 [scrapy.extensions.telnet] INFO: Telnet Password: bfb2747672d2b7f5
2024-09-20 18:52:05 [scrapy.middleware] INFO: Enabled extensions:
['scrapy.extensions.corestats.CoreStats',
 'scrapy.extensions.telnet.TelnetConsole',
 'scrapy.extensions.logstats.LogStats']
2024-09-20 18:52:06 [scrapy.middleware] INFO: Enabled downloader middlewares:
['scrapy.downloadermiddlewares.robotstxt.RobotsTxtMiddleware',
 'scrapy.downloadermiddlewares.httpauth.HttpAuthMiddleware',
 'scrapy.downloadermiddlewares.downloadtimeout.DownloadTimeoutMiddleware',
 'scrapy.downloadermiddlewares.defaultheaders.DefaultHeadersMiddleware',
 'scrapy.downloadermiddlewares.useragent.UserAgentMiddleware',
 'scrapy.downloadermiddlewares.retry.RetryMiddleware',
 'scrapy.downloadermiddlewares.redirect.MetaRefreshMiddleware',
 'scrapy.downloadermiddlewares.httpcompression.HttpCompressionMiddleware',
 'scrapy.downloadermiddlewares.redirect.RedirectMiddleware',
 'scrapy.downloadermiddlewares.httpproxy.HttpProxyMiddleware',
 'scrapy.downloadermiddlewares.stats.DownloaderStats']
2024-09-20 18:52:06 [scrapy.middleware] INFO: Enabled spider middlewares:
['scrapy.spidermiddlewares.httperror.HttpErrorMiddleware',
 'scrapy.spidermiddlewares.offsite.OffsiteMiddleware',
 'scrapy.spidermiddlewares.referer.RefererMiddleware',
 'scrapy.spidermiddlewares.urllength.UrlLengthMiddleware',
 'scrapy.spidermiddlewares.depth.DepthMiddleware']
2024-09-20 18:52:06 [scrapy.middleware] INFO: Enabled item pipelines:
[]
2024-09-20 18:52:06 [scrapy.core.engine] INFO: Spider opened
2024-09-20 18:52:06 [scrapy.extensions.logstats] INFO: Crawled 0 pages (at 0 pages/min), scraped 0 items (at 0 items/min)
2024-09-20 18:52:06 [scrapy.extensions.telnet] INFO: Telnet console listening on 127.0.0.1:6023
2024-09-20 18:52:07 [py.warnings] WARNING: C:\Users\scoop\anaconda3\Lib\site-packages\scrapy\selector\unified.py:83: UserWarning: Selector got both text and root, root is being ignored.
  super().__init__(text=text, type=st, root=root, **kwargs)

2024-09-20 18:52:08 [py.warnings] WARNING: C:\Users\scoop\anaconda3\Lib\site-packages\scrapy\selector\unified.py:83: UserWarning: Selector got both text and root, root is being ignored.
  super().__init__(text=text, type=st, root=root, **kwargs)

2024-09-20 18:52:09 [py.warnings] WARNING: C:\Users\scoop\anaconda3\Lib\site-packages\scrapy\selector\unified.py:83: UserWarning: Selector got both text and root, root is being ignored.
  super().__init__(text=text, type=st, root=root, **kwargs)

2024-09-20 18:52:16 [scrapy.core.engine] INFO: Closing spider (finished)
2024-09-20 18:52:16 [scrapy.statscollectors] INFO: Dumping Scrapy stats:
{'downloader/request_bytes': 4547,
 'downloader/request_count': 15,
 'downloader/request_method_count/GET': 15,
 'downloader/response_bytes': 47216,
 'downloader/response_count': 15,
 'downloader/response_status_count/200': 14,
 'downloader/response_status_count/404': 1,
 'dupefilter/filtered': 12,
 'elapsed_time_seconds': 9.907206,
 'finish_reason': 'finished',
 'finish_time': datetime.datetime(2024, 9, 21, 0, 52, 16, 34674),
 'httpcompression/response_bytes': 295565,
 'httpcompression/response_count': 14,
 'item_scraped_count': 12,
 'log_count/INFO': 10,
 'log_count/WARNING': 4,
 'request_depth_max': 2,
 'response_received_count': 15,
 'robotstxt/request_count': 1,
 'robotstxt/response_count': 1,
 'robotstxt/response_status_count/404': 1,
 'scheduler/dequeued': 14,
 'scheduler/dequeued/memory': 14,
 'scheduler/enqueued': 14,
 'scheduler/enqueued/memory': 14,
 'start_time': datetime.datetime(2024, 9, 21, 0, 52, 6, 127468)}
2024-09-20 18:52:16 [scrapy.core.engine] INFO: Spider closed (finished)
