2024-08-01 15:40:26 [scrapy.utils.log] INFO: Scrapy 2.8.0 started (bot: ufcStats)
2024-08-01 15:40:26 [scrapy.utils.log] INFO: Versions: lxml 4.9.3.0, libxml2 2.10.4, cssselect 1.2.0, parsel 1.8.1, w3lib 2.1.2, Twisted 22.8.0, Python 3.11.7 | packaged by Anaconda, Inc. | (main, Dec 15 2023, 18:05:47) [MSC v.1916 64 bit (AMD64)], pyOpenSSL 24.0.0 (OpenSSL 3.0.14 4 Jun 2024), cryptography 42.0.2, Platform Windows-10-10.0.22631-SP0
2024-08-01 15:40:26 [scrapy.crawler] INFO: Overridden settings:
{'BOT_NAME': 'ufcStats',
 'CLOSESPIDER_ITEMCOUNT': '10',
 'COOKIES_ENABLED': False,
 'DOWNLOAD_DELAY': 0.5,
 'LOG_FILE': 'log/2024-08-01T15-40-25.log',
 'LOG_LEVEL': 'INFO',
 'NEWSPIDER_MODULE': 'ufcStats.spiders',
 'ROBOTSTXT_OBEY': True,
 'SPIDER_MODULES': ['ufcStats.spiders']}
2024-08-01 15:40:26 [py.warnings] WARNING: C:\Users\scoop\anaconda3\Lib\site-packages\scrapy\utils\request.py:232: ScrapyDeprecationWarning: '2.6' is a deprecated value for the 'REQUEST_FINGERPRINTER_IMPLEMENTATION' setting.

It is also the default value. In other words, it is normal to get this warning if you have not defined a value for the 'REQUEST_FINGERPRINTER_IMPLEMENTATION' setting. This is so for backward compatibility reasons, but it will change in a future version of Scrapy.

See the documentation of the 'REQUEST_FINGERPRINTER_IMPLEMENTATION' setting for information on how to handle this deprecation.
  return cls(crawler)

2024-08-01 15:40:26 [scrapy.extensions.telnet] INFO: Telnet Password: c996e4db429c5f2f
2024-08-01 15:40:26 [scrapy.middleware] INFO: Enabled extensions:
['scrapy.extensions.corestats.CoreStats',
 'scrapy.extensions.telnet.TelnetConsole',
 'scrapy.extensions.closespider.CloseSpider',
 'scrapy.extensions.feedexport.FeedExporter',
 'scrapy.extensions.logstats.LogStats']
2024-08-01 15:40:26 [scrapy.middleware] INFO: Enabled downloader middlewares:
['scrapy.downloadermiddlewares.robotstxt.RobotsTxtMiddleware',
 'scrapy.downloadermiddlewares.httpauth.HttpAuthMiddleware',
 'scrapy.downloadermiddlewares.downloadtimeout.DownloadTimeoutMiddleware',
 'scrapy.downloadermiddlewares.defaultheaders.DefaultHeadersMiddleware',
 'scrapy.downloadermiddlewares.useragent.UserAgentMiddleware',
 'scrapy.downloadermiddlewares.retry.RetryMiddleware',
 'scrapy.downloadermiddlewares.redirect.MetaRefreshMiddleware',
 'scrapy.downloadermiddlewares.httpcompression.HttpCompressionMiddleware',
 'scrapy.downloadermiddlewares.redirect.RedirectMiddleware',
 'scrapy.downloadermiddlewares.httpproxy.HttpProxyMiddleware',
 'scrapy.downloadermiddlewares.stats.DownloaderStats']
2024-08-01 15:40:26 [scrapy.middleware] INFO: Enabled spider middlewares:
['scrapy.spidermiddlewares.httperror.HttpErrorMiddleware',
 'scrapy.spidermiddlewares.offsite.OffsiteMiddleware',
 'scrapy.spidermiddlewares.referer.RefererMiddleware',
 'scrapy.spidermiddlewares.urllength.UrlLengthMiddleware',
 'scrapy.spidermiddlewares.depth.DepthMiddleware']
2024-08-01 15:40:26 [scrapy.middleware] INFO: Enabled item pipelines:
['ufcStats.pipelines.FightSummaryPipeline',
 'ufcStats.pipelines.FightStatsPipeline']
2024-08-01 15:40:26 [scrapy.core.engine] INFO: Spider opened
2024-08-01 15:40:26 [scrapy.extensions.logstats] INFO: Crawled 0 pages (at 0 pages/min), scraped 0 items (at 0 items/min)
2024-08-01 15:40:26 [scrapy.extensions.telnet] INFO: Telnet console listening on 127.0.0.1:6023
2024-08-01 15:40:27 [py.warnings] WARNING: C:\Users\scoop\anaconda3\Lib\site-packages\scrapy\selector\unified.py:83: UserWarning: Selector got both text and root, root is being ignored.
  super().__init__(text=text, type=st, root=root, **kwargs)

2024-08-01 15:40:27 [py.warnings] WARNING: C:\Users\scoop\anaconda3\Lib\site-packages\scrapy\selector\unified.py:83: UserWarning: Selector got both text and root, root is being ignored.
  super().__init__(text=text, type=st, root=root, **kwargs)

2024-08-01 15:40:28 [py.warnings] WARNING: C:\Users\scoop\anaconda3\Lib\site-packages\scrapy\selector\unified.py:83: UserWarning: Selector got both text and root, root is being ignored.
  super().__init__(text=text, type=st, root=root, **kwargs)

2024-08-01 15:40:29 [py.warnings] WARNING: C:\Users\scoop\anaconda3\Lib\site-packages\scrapy\selector\unified.py:83: UserWarning: Selector got both text and root, root is being ignored.
  super().__init__(text=text, type=st, root=root, **kwargs)

2024-08-01 15:40:29 [py.warnings] WARNING: C:\Users\scoop\anaconda3\Lib\site-packages\scrapy\selector\unified.py:83: UserWarning: Selector got both text and root, root is being ignored.
  super().__init__(text=text, type=st, root=root, **kwargs)

2024-08-01 15:40:29 [py.warnings] WARNING: C:\Users\scoop\anaconda3\Lib\site-packages\scrapy\selector\unified.py:83: UserWarning: Selector got both text and root, root is being ignored.
  super().__init__(text=text, type=st, root=root, **kwargs)

2024-08-01 15:40:30 [py.warnings] WARNING: C:\Users\scoop\anaconda3\Lib\site-packages\scrapy\selector\unified.py:83: UserWarning: Selector got both text and root, root is being ignored.
  super().__init__(text=text, type=st, root=root, **kwargs)

2024-08-01 15:40:31 [py.warnings] WARNING: C:\Users\scoop\anaconda3\Lib\site-packages\scrapy\selector\unified.py:83: UserWarning: Selector got both text and root, root is being ignored.
  super().__init__(text=text, type=st, root=root, **kwargs)

2024-08-01 15:40:31 [py.warnings] WARNING: C:\Users\scoop\anaconda3\Lib\site-packages\scrapy\selector\unified.py:83: UserWarning: Selector got both text and root, root is being ignored.
  super().__init__(text=text, type=st, root=root, **kwargs)

2024-08-01 15:40:32 [py.warnings] WARNING: C:\Users\scoop\anaconda3\Lib\site-packages\scrapy\selector\unified.py:83: UserWarning: Selector got both text and root, root is being ignored.
  super().__init__(text=text, type=st, root=root, **kwargs)

2024-08-01 15:40:33 [py.warnings] WARNING: C:\Users\scoop\anaconda3\Lib\site-packages\scrapy\selector\unified.py:83: UserWarning: Selector got both text and root, root is being ignored.
  super().__init__(text=text, type=st, root=root, **kwargs)

2024-08-01 15:40:33 [py.warnings] WARNING: C:\Users\scoop\anaconda3\Lib\site-packages\scrapy\selector\unified.py:83: UserWarning: Selector got both text and root, root is being ignored.
  super().__init__(text=text, type=st, root=root, **kwargs)

2024-08-01 15:40:34 [py.warnings] WARNING: C:\Users\scoop\anaconda3\Lib\site-packages\scrapy\selector\unified.py:83: UserWarning: Selector got both text and root, root is being ignored.
  super().__init__(text=text, type=st, root=root, **kwargs)

2024-08-01 15:40:34 [py.warnings] WARNING: C:\Users\scoop\anaconda3\Lib\site-packages\scrapy\selector\unified.py:83: UserWarning: Selector got both text and root, root is being ignored.
  super().__init__(text=text, type=st, root=root, **kwargs)

2024-08-01 15:40:35 [py.warnings] WARNING: C:\Users\scoop\anaconda3\Lib\site-packages\scrapy\selector\unified.py:83: UserWarning: Selector got both text and root, root is being ignored.
  super().__init__(text=text, type=st, root=root, **kwargs)

2024-08-01 15:40:36 [py.warnings] WARNING: C:\Users\scoop\anaconda3\Lib\site-packages\scrapy\selector\unified.py:83: UserWarning: Selector got both text and root, root is being ignored.
  super().__init__(text=text, type=st, root=root, **kwargs)

2024-08-01 15:40:36 [py.warnings] WARNING: C:\Users\scoop\anaconda3\Lib\site-packages\scrapy\selector\unified.py:83: UserWarning: Selector got both text and root, root is being ignored.
  super().__init__(text=text, type=st, root=root, **kwargs)

2024-08-01 15:40:37 [py.warnings] WARNING: C:\Users\scoop\anaconda3\Lib\site-packages\scrapy\selector\unified.py:83: UserWarning: Selector got both text and root, root is being ignored.
  super().__init__(text=text, type=st, root=root, **kwargs)

2024-08-01 15:40:37 [py.warnings] WARNING: C:\Users\scoop\anaconda3\Lib\site-packages\scrapy\selector\unified.py:83: UserWarning: Selector got both text and root, root is being ignored.
  super().__init__(text=text, type=st, root=root, **kwargs)

2024-08-01 15:40:43 [scrapy.core.engine] INFO: Closing spider (closespider_itemcount)
2024-08-01 15:40:54 [scrapy.extensions.feedexport] INFO: Stored csv feed (26 items) in: data/ufcFigths.csv
2024-08-01 15:40:54 [scrapy.statscollectors] INFO: Dumping Scrapy stats:
{'downloader/request_bytes': 14051,
 'downloader/request_count': 45,
 'downloader/request_method_count/GET': 45,
 'downloader/response_bytes': 232177,
 'downloader/response_count': 45,
 'downloader/response_status_count/200': 44,
 'downloader/response_status_count/404': 1,
 'elapsed_time_seconds': 27.867653,
 'feedexport/success_count/FileFeedStorage': 1,
 'finish_reason': 'closespider_itemcount',
 'finish_time': datetime.datetime(2024, 8, 1, 21, 40, 54, 191527),
 'httpcompression/response_bytes': 2275545,
 'httpcompression/response_count': 44,
 'item_scraped_count': 26,
 'log_count/INFO': 11,
 'log_count/WARNING': 20,
 'request_depth_max': 2,
 'response_received_count': 45,
 'robotstxt/request_count': 1,
 'robotstxt/response_count': 1,
 'robotstxt/response_status_count/404': 1,
 'scheduler/dequeued': 44,
 'scheduler/dequeued/memory': 44,
 'scheduler/enqueued': 910,
 'scheduler/enqueued/memory': 910,
 'start_time': datetime.datetime(2024, 8, 1, 21, 40, 26, 323874)}
2024-08-01 15:40:54 [scrapy.core.engine] INFO: Spider closed (closespider_itemcount)
